<?xml version="1.0" encoding="UTF-8"?>
<!-- Generated by org.testng.reporters.JUnitReportReporter -->
<testsuite hostname="DESKTOP-VG1DO6Q" failures="0" tests="1" name="testCases.TC_002_LoginTest" time="4.828" errors="0" timestamp="2023-10-11T05:21:02 PDT" skipped="0">
  <testcase classname="testCases.TC_002_LoginTest" name="test_Login" time="4.828"/>
</testsuite> <!-- testCases.TC_002_LoginTest -->
