<?xml version="1.0" encoding="UTF-8"?>
<!-- Generated by org.testng.reporters.JUnitReportReporter -->
<testsuite hostname="DESKTOP-VG1DO6Q" failures="0" tests="1" name="testCases.TC_001_AccountRegistrationTest" time="7.845" errors="0" timestamp="2023-10-11T05:20:04 PDT" skipped="0">
  <testcase classname="testCases.TC_001_AccountRegistrationTest" name="test_account_Registration" time="7.845"/>
</testsuite> <!-- testCases.TC_001_AccountRegistrationTest -->
