<?xml version="1.0" encoding="UTF-8"?>
<!-- Generated by org.testng.reporters.JUnitReportReporter -->
<testsuite hostname="DESKTOP-VG1DO6Q" failures="0" tests="1" name="testCases.TC_002_LoginTest" time="5.985" errors="0" timestamp="2023-10-12T14:06:42 PDT" skipped="0">
  <testcase classname="testCases.TC_002_LoginTest" name="test_Login" time="5.985"/>
</testsuite> <!-- testCases.TC_002_LoginTest -->
