<?xml version="1.0" encoding="UTF-8"?>
<!-- Generated by org.testng.reporters.JUnitReportReporter -->
<testsuite hostname="DESKTOP-VG1DO6Q" failures="0" tests="5" name="testCases.TC_003_LoginDDT" time="57.904" errors="0" timestamp="2023-10-12T15:34:08 PDT" skipped="0">
  <testcase classname="testCases.TC_003_LoginDDT" name="test_LoginDDT" time="12.755"/>
  <testcase classname="testCases.TC_003_LoginDDT" name="test_LoginDDT" time="13.458"/>
  <testcase classname="testCases.TC_003_LoginDDT" name="test_LoginDDT" time="12.406"/>
  <testcase classname="testCases.TC_003_LoginDDT" name="test_LoginDDT" time="6.713"/>
  <testcase classname="testCases.TC_003_LoginDDT" name="test_LoginDDT" time="12.572"/>
</testsuite> <!-- testCases.TC_003_LoginDDT -->
